


ARM Macro Assembler    Page 1 


    1 00000000 40025038 
                       PORTF_DATA
                               EQU              0x40025038
    2 00000000         
    3 00000000         
    4 00000000                 AREA             |.text|, CODE,READONLY
    5 00000000                 THUMB
    6 00000000                 EXPORT           Arrange_Onboard_LEDs
    7 00000000         
    8 00000000         Arrange_Onboard_LEDs
    9 00000000 B51E            PUSH             {R1-R4, LR}
   10 00000002         
   11 00000002 4910            LDR              R1, =PORTF_DATA
   12 00000004 4602            MOV              R2, R0
   13 00000006 F04F 030E       LDR              R3, =0x0E
   14 0000000A         
   15 0000000A 680C            LDR              R4, [R1]
   16 0000000C EA24 0403       BIC              R4, R4, R3
   17 00000010 600C            STR              R4, [R1]
   18 00000012         
   19 00000012 2A32            CMP              R2, #50
   20 00000014 D304            BLO              LED_50
   21 00000016         
   22 00000016 2A4B            CMP              R2, #75
   23 00000018 D307            BLO              LED_75
   24 0000001A         
   25 0000001A 2A64            CMP              R2, #100
   26 0000001C D30A            BLO              LED_100
   27 0000001E         
   28 0000001E E00D            B                End_LED
   29 00000020         
   30 00000020         LED_50
   31 00000020 680C            LDR              R4, [R1]
   32 00000022 F044 0402       ORR              R4, R4, #0x2
   33 00000026 600C            STR              R4, [R1]
   34 00000028 E008            B                End_LED
   35 0000002A         
   36 0000002A         LED_75
   37 0000002A 680C            LDR              R4, [R1]
   38 0000002C F044 0404       ORR              R4, R4, #0x4
   39 00000030 600C            STR              R4, [R1]
   40 00000032 E003            B                End_LED
   41 00000034         
   42 00000034         LED_100
   43 00000034         
   44 00000034 680C            LDR              R4, [R1]
   45 00000036 F044 0408       ORR              R4, R4, #0x8
   46 0000003A 600C            STR              R4, [R1]
   47 0000003C         
   48 0000003C         End_LED
   49 0000003C E8BD 401E       POP              {R1-R4, LR}
   50 00000040 4770            BX               LR
   51 00000042         
   52 00000042 00 00           ALIGN
   53 00000044                 END
              40025038 
Command Line: --debug --xref --diag_suppress=9931 --cpu=Cortex-M4.fp --apcs=int
erwork --depend=.\objects\onboardled.d -o.\objects\onboardled.o -I.\RTE\_Target
_1 -IC:\Keil_v5\ARM\PACK\ARM\CMSIS\5.4.0\CMSIS\Core\Include -IC:\Keil_v5\ARM\PA



ARM Macro Assembler    Page 2 


CK\Keil\TM4C_DFP\1.1.0\Device\Include\TM4C123 --predefine="__EVAL SETA 1" --pre
define="__UVISION_VERSION SETA 526" --predefine="_RTE_ SETA 1" --predefine="TM4
C123GH6PM SETA 1" --list=.\listings\onboardled.lst OnBoardLED.s



ARM Macro Assembler    Page 1 Alphabetic symbol ordering
Relocatable symbols

.text 00000000

Symbol: .text
   Definitions
      At line 4 in file OnBoardLED.s
   Uses
      None
Comment: .text unused
Arrange_Onboard_LEDs 00000000

Symbol: Arrange_Onboard_LEDs
   Definitions
      At line 8 in file OnBoardLED.s
   Uses
      At line 6 in file OnBoardLED.s
Comment: Arrange_Onboard_LEDs used once
End_LED 0000003C

Symbol: End_LED
   Definitions
      At line 48 in file OnBoardLED.s
   Uses
      At line 28 in file OnBoardLED.s
      At line 34 in file OnBoardLED.s
      At line 40 in file OnBoardLED.s

LED_100 00000034

Symbol: LED_100
   Definitions
      At line 42 in file OnBoardLED.s
   Uses
      At line 26 in file OnBoardLED.s
Comment: LED_100 used once
LED_50 00000020

Symbol: LED_50
   Definitions
      At line 30 in file OnBoardLED.s
   Uses
      At line 20 in file OnBoardLED.s
Comment: LED_50 used once
LED_75 0000002A

Symbol: LED_75
   Definitions
      At line 36 in file OnBoardLED.s
   Uses
      At line 23 in file OnBoardLED.s
Comment: LED_75 used once
6 symbols



ARM Macro Assembler    Page 1 Alphabetic symbol ordering
Absolute symbols

PORTF_DATA 40025038

Symbol: PORTF_DATA
   Definitions
      At line 1 in file OnBoardLED.s
   Uses
      At line 11 in file OnBoardLED.s
Comment: PORTF_DATA used once
1 symbol
344 symbols in table
